<?xml version="1.0" encoding="UTF-8"?>
<testng-results ignored="0" total="4" passed="4" failed="0" skipped="0">
  <reporter-output>
  </reporter-output>
  <suite started-at="2023-04-21T12:55:32 IST" name="All Test Suite" finished-at="2023-04-21T12:55:55 IST" duration-ms="23783">
    <groups>
    </groups>
    <test started-at="2023-04-21T12:55:32 IST" name="/Users/smitabose/IdeaProjects/CA4/src/test/java/org/example/WebDriverScript.java" finished-at="2023-04-21T12:55:55 IST" duration-ms="23783">
      <class name="org.example.WebDriverScript">
        <test-method is-config="true" signature="setup()[pri:0, instance:org.example.WebDriverScript@45b9a632]" started-at="2023-04-21T12:55:32 IST" name="setup" finished-at="2023-04-21T12:55:46 IST" duration-ms="14262" status="PASS">
          <reporter-output>
          </reporter-output>
        </test-method> <!-- setup -->
        <test-method signature="dropdown()[pri:0, instance:org.example.WebDriverScript@45b9a632]" started-at="2023-04-21T12:55:46 IST" name="dropdown" finished-at="2023-04-21T12:55:48 IST" duration-ms="2155" status="PASS">
          <reporter-output>
          </reporter-output>
        </test-method> <!-- dropdown -->
        <test-method signature="checkBox()[pri:0, instance:org.example.WebDriverScript@45b9a632]" started-at="2023-04-21T12:55:48 IST" name="checkBox" finished-at="2023-04-21T12:55:51 IST" duration-ms="3108" status="PASS">
          <reporter-output>
          </reporter-output>
        </test-method> <!-- checkBox -->
        <test-method signature="radioButton()[pri:0, instance:org.example.WebDriverScript@45b9a632]" started-at="2023-04-21T12:55:51 IST" name="radioButton" finished-at="2023-04-21T12:55:53 IST" duration-ms="2053" status="PASS">
          <reporter-output>
          </reporter-output>
        </test-method> <!-- radioButton -->
        <test-method signature="selectedAndDisabledButton()[pri:0, instance:org.example.WebDriverScript@45b9a632]" started-at="2023-04-21T12:55:53 IST" name="selectedAndDisabledButton" finished-at="2023-04-21T12:55:55 IST" duration-ms="2052" status="PASS">
          <reporter-output>
          </reporter-output>
        </test-method> <!-- selectedAndDisabledButton -->
        <test-method is-config="true" signature="driverQuit()[pri:0, instance:org.example.WebDriverScript@45b9a632]" started-at="2023-04-21T12:55:55 IST" name="driverQuit" finished-at="2023-04-21T12:55:55 IST" duration-ms="112" status="PASS">
          <reporter-output>
          </reporter-output>
        </test-method> <!-- driverQuit -->
      </class> <!-- org.example.WebDriverScript -->
    </test> <!-- /Users/smitabose/IdeaProjects/CA4/src/test/java/org/example/WebDriverScript.java -->
  </suite> <!-- All Test Suite -->
</testng-results>
