<?xml version="1.0" encoding="UTF-8"?>
<!-- Generated by org.testng.reporters.JUnitXMLReporter -->
<testsuite ignored="0" hostname="Smitas-MacBook-Air.local" failures="0" tests="4" name="/Users/smitabose/IdeaProjects/CA4/src/test/java/org/example/WebDriverScript.java" time="23.783" errors="0" timestamp="2023-04-21T12:55:55 IST">
  <testcase classname="org.example.WebDriverScript" name="dropdown" time="2.155"/>
  <testcase classname="org.example.WebDriverScript" name="checkBox" time="3.108"/>
  <testcase classname="org.example.WebDriverScript" name="radioButton" time="2.053"/>
  <testcase classname="org.example.WebDriverScript" name="selectedAndDisabledButton" time="2.052"/>
</testsuite> <!-- /Users/smitabose/IdeaProjects/CA4/src/test/java/org/example/WebDriverScript.java -->
